[debug] > Exec(early(addDefaultCommands), None, None)
[debug] > Exec(addDefaultCommands, None, None)
[debug] > Exec(early(initialize), None, None)
[debug] > Exec(initialize, None, None)
[debug] > Exec(early(addPluginSbtFile="""C:\Users\Aleksi\AppData\Local\Temp\idea.sbt"""), None, None)
[debug] > Exec(addPluginSbtFile="""C:\Users\Aleksi\AppData\Local\Temp\idea.sbt""", None, None)
[debug] > Exec(boot, None, None)
[debug] > Exec(writeSbtVersion, None, None)
[debug] > Exec(reload, None, None)
[debug] > Exec(sbtStashOnFailure, None, None)
[debug] > Exec(onFailure loadFailed, None, None)
[debug] > Exec(loadp, None, None)
[info] welcome to sbt 1.4.3 (AdoptOpenJDK Java 11.0.8)
[debug]       Load.loadUnit: plugins took 83.8611ms
[debug]       Load.loadUnit: defsScala took 0.4052ms
[debug] [Loading] Scanning directory C:\Users\Aleksi\.sbt\1.0\plugins
[debug] [Loading] Found non-root projects 
[debug] [Loading] Done in C:\Users\Aleksi\.sbt\1.0\plugins, returning: ()
[debug] deducing auto plugins based on known facts Set(Atom(sbt.plugins.CorePlugin)) and clauses Clauses(List(Clause(Atom(sbt.plugins.JvmPlugin),Set(Atom(sbt.plugins.IvyPlugin))), Clause(Atom(sbt.ScriptedPlugin),Set(Atom(sbt.plugins.JvmPlugin))), Clause(Atom(sbt.plugins.SbtPlugin),Set(Atom(sbt.ScriptedPlugin))), Clause(Atom(sbt.plugins.SemanticdbPlugin),Set(Atom(sbt.plugins.JvmPlugin))), Clause(Atom(sbt.plugins.JUnitXmlReportPlugin),Set(Atom(sbt.plugins.JvmPlugin))), Clause(Atom(sbt.plugins.MiniDependencyTreePlugin),Set(Atom(sbt.plugins.JvmPlugin))), Clause(Atom(sbt.plugins.CorePlugin),Set(Atom(sbt.plugins.IvyPlugin))), Clause(Atom(sbt.plugins.IvyPlugin),Set(Atom(sbt.plugins.JvmPlugin))), Clause(Atom(sbt.plugins.JvmPlugin),Set(Atom(sbt.plugins.SemanticdbPlugin))), Clause(Atom(sbt.plugins.JvmPlugin),Set(Atom(sbt.plugins.JUnitXmlReportPlugin))), Clause(Atom(sbt.plugins.CorePlugin),Set(Atom(sbt.plugins.Giter8TemplatePlugin))), Clause(Atom(sbt.plugins.JvmPlugin),Set(Atom(sbt.plugins.MiniDependencyTreePlugin)))))
[debug]   :: deduced result: Matched(sbt.plugins.CorePlugin,sbt.plugins.Giter8TemplatePlugin,sbt.plugins.IvyPlugin,sbt.plugins.JvmPlugin,sbt.plugins.MiniDependencyTreePlugin,sbt.plugins.JUnitXmlReportPlugin,sbt.plugins.SemanticdbPlugin)
[debug] Plugins.deducer#function took 21.3328 ms
[debug]           Load.resolveProject(global-plugins) took 42.2808ms
[debug]         Load.loadTransitive: finalizeProject(Project(id global-plugins, base: C:\Users\Aleksi\.sbt\1.0\plugins, plugins: List(<none>))) took 87.5467ms
[debug] [Loading] Done in C:\Users\Aleksi\.sbt\1.0\plugins, returning: (global-plugins)
[debug]       Load.loadUnit: loadedProjectsRaw took 104.8585ms
[debug]       Load.loadUnit: cleanEvalClasses took 0.1842ms
[debug]     Load.loadUnit(file:/C:/Users/Aleksi/.sbt/1.0/plugins/, ...) took 196.5731ms
[debug]   Load.apply: load took 550.8803ms
[debug]   Load.apply: resolveProjects took 31.8738ms
[debug]   Load.apply: finalTransforms took 111.2081ms
[debug]   Load.apply: config.delegates took 10.8562ms
[debug]   Load.apply: Def.make(settings)... took 734.0208ms
[debug]   Load.apply: structureIndex took 79.9608ms
[debug]   Load.apply: mkStreams took 1.3404ms
[info] loading global plugins from C:\Users\Aleksi\.sbt\1.0\plugins
[debug] Running task... Cancel: Signal, check cycles: false, forcegc: true
[debug] Load.defaultLoad until apply took 2699.591ms
[debug]           Load.loadUnit: plugins took 21.969ms
[debug]           Load.loadUnit: defsScala took 0.0037ms
[debug] [Loading] Scanning directory C:\Users\Aleksi\IdeaProjects\sudokuProj\project
[debug]             Load.loadUnit: mkEval took 7.9529ms
[debug] [Loading] Found non-root projects 
[debug] [Loading] Done in C:\Users\Aleksi\IdeaProjects\sudokuProj\project, returning: ()
[debug] deducing auto plugins based on known facts Set(Atom(sbt.plugins.CorePlugin)) and clauses Clauses(List(Clause(Atom(sbt.plugins.JvmPlugin),Set(Atom(sbt.plugins.IvyPlugin))), Clause(Atom(sbt.ScriptedPlugin),Set(Atom(sbt.plugins.JvmPlugin))), Clause(Atom(sbt.plugins.SbtPlugin),Set(Atom(sbt.ScriptedPlugin))), Clause(Atom(sbt.plugins.SemanticdbPlugin),Set(Atom(sbt.plugins.JvmPlugin))), Clause(Atom(sbt.plugins.JUnitXmlReportPlugin),Set(Atom(sbt.plugins.JvmPlugin))), Clause(Atom(sbt.plugins.MiniDependencyTreePlugin),Set(Atom(sbt.plugins.JvmPlugin))), Clause(Atom(sbt.plugins.CorePlugin),Set(Atom(sbt.plugins.IvyPlugin))), Clause(Atom(sbt.plugins.IvyPlugin),Set(Atom(sbt.plugins.JvmPlugin))), Clause(Atom(sbt.plugins.JvmPlugin),Set(Atom(sbt.plugins.SemanticdbPlugin))), Clause(Atom(sbt.plugins.JvmPlugin),Set(Atom(sbt.plugins.JUnitXmlReportPlugin))), Clause(Atom(sbt.plugins.CorePlugin),Set(Atom(sbt.plugins.Giter8TemplatePlugin))), Clause(Atom(sbt.plugins.JvmPlugin),Set(Atom(sbt.plugins.MiniDependencyTreePlugin)))))
[debug]   :: deduced result: Matched(sbt.plugins.CorePlugin,sbt.plugins.Giter8TemplatePlugin,sbt.plugins.IvyPlugin,sbt.plugins.JvmPlugin,sbt.plugins.MiniDependencyTreePlugin,sbt.plugins.JUnitXmlReportPlugin,sbt.plugins.SemanticdbPlugin)
[debug] Plugins.deducer#function took 1.282 ms
[info] loading settings for project sudokuproj-build from idea.sbt ...
[debug]               Load.resolveProject(sudokuproj-build) took 1.9228ms
[debug]             Load.loadTransitive: finalizeProject(Project(id sudokuproj-build, base: C:\Users\Aleksi\IdeaProjects\sudokuProj\project, plugins: List(<none>))) took 3.5833ms
[debug] [Loading] Done in C:\Users\Aleksi\IdeaProjects\sudokuProj\project, returning: (sudokuproj-build)
[debug]           Load.loadUnit: loadedProjectsRaw took 105.4972ms
[debug]           Load.loadUnit: cleanEvalClasses took 3.0361ms
[debug]         Load.loadUnit(file:/C:/Users/Aleksi/IdeaProjects/sudokuProj/project/, ...) took 131.3374ms
[debug]       Load.apply: load took 132.5712ms
[debug]       Load.apply: resolveProjects took 0.0926ms
[debug]       Load.apply: finalTransforms took 9.4394ms
[debug]       Load.apply: config.delegates took 0.2869ms
[debug]       Load.apply: Def.make(settings)... took 76.9054ms
[debug]       Load.apply: structureIndex took 27.456ms
[debug]       Load.apply: mkStreams took 0.0039ms
[info] loading project definition from C:\Users\Aleksi\IdeaProjects\sudokuProj\project
[debug] Running task... Cancel: Signal, check cycles: false, forcegc: true
[debug]     Load.loadUnit: plugins took 1008.0506ms
[debug]     Load.loadUnit: defsScala took 0.004ms
[debug] [Loading] Scanning directory C:\Users\Aleksi\IdeaProjects\sudokuProj
[debug]       Load.loadUnit: mkEval took 0.2479ms
[debug] [Loading] Found non-root projects 
[debug] [Loading] Done in C:\Users\Aleksi\IdeaProjects\sudokuProj, returning: ()
[debug] deducing auto plugins based on known facts Set(Atom(sbt.plugins.CorePlugin)) and clauses Clauses(List(Clause(Atom(sbt.plugins.JvmPlugin),Set(Atom(sbt.plugins.IvyPlugin))), Clause(Atom(sbt.ScriptedPlugin),Set(Atom(sbt.plugins.JvmPlugin))), Clause(Atom(sbt.plugins.SbtPlugin),Set(Atom(sbt.ScriptedPlugin))), Clause(Atom(sbt.plugins.SemanticdbPlugin),Set(Atom(sbt.plugins.JvmPlugin))), Clause(Atom(sbt.plugins.JUnitXmlReportPlugin),Set(Atom(sbt.plugins.JvmPlugin))), Clause(Atom(sbt.plugins.MiniDependencyTreePlugin),Set(Atom(sbt.plugins.JvmPlugin))), Clause(Atom(org.jetbrains.sbt.StructurePlugin),Set(Atom(sbt.plugins.JvmPlugin))), Clause(Atom(org.jetbrains.sbt.IdeaShellPlugin),Set(Atom(sbt.plugins.JvmPlugin))), Clause(Atom(org.jetbrains.sbt.indices.SbtIntellijIndicesPlugin),Set(Atom(sbt.plugins.JvmPlugin))), Clause(Atom(sbt.plugins.CorePlugin),Set(Atom(sbt.plugins.IvyPlugin))), Clause(Atom(sbt.plugins.IvyPlugin),Set(Atom(sbt.plugins.JvmPlugin))), Clause(Atom(sbt.plugins.JvmPlugin),Set(Atom(sbt.plugins.SemanticdbPlugin))), Clause(Atom(sbt.plugins.JvmPlugin),Set(Atom(sbt.plugins.JUnitXmlReportPlugin))), Clause(Atom(sbt.plugins.CorePlugin),Set(Atom(sbt.plugins.Giter8TemplatePlugin))), Clause(Atom(sbt.plugins.JvmPlugin),Set(Atom(sbt.plugins.MiniDependencyTreePlugin))), Clause(Atom(sbt.plugins.JvmPlugin),Set(Atom(org.jetbrains.sbt.StructurePlugin))), Clause(Atom(sbt.plugins.JvmPlugin),Set(Atom(org.jetbrains.sbt.IdeaShellPlugin))), Clause(And(Set(Atom(sbt.plugins.CorePlugin), Atom(sbt.plugins.JvmPlugin))),Set(Atom(org.jetbrains.sbt.indices.SbtIntellijIndicesPlugin)))))
[debug]   :: deduced result: Matched(sbt.plugins.CorePlugin,sbt.plugins.Giter8TemplatePlugin,sbt.plugins.IvyPlugin,sbt.plugins.JvmPlugin,sbt.plugins.SemanticdbPlugin,org.jetbrains.sbt.indices.SbtIntellijIndicesPlugin,sbt.plugins.JUnitXmlReportPlugin,org.jetbrains.sbt.IdeaShellPlugin,org.jetbrains.sbt.StructurePlugin,sbt.plugins.MiniDependencyTreePlugin)
[debug] Plugins.deducer#function took 1.6648 ms
[info] loading settings for project sudokuproj from build.sbt ...
[debug]         Load.resolveProject(sudokuproj) took 20.6143ms
[debug]       Load.loadTransitive: finalizeProject(Project(id sudokuproj, base: C:\Users\Aleksi\IdeaProjects\sudokuProj, plugins: List(<none>))) took 23.1896ms
[debug] [Loading] Done in C:\Users\Aleksi\IdeaProjects\sudokuProj, returning: (sudokuproj)
[debug]     Load.loadUnit: loadedProjectsRaw took 1892.0726ms
[debug]     Load.loadUnit: cleanEvalClasses took 10.7517ms
[debug]   Load.loadUnit(file:/C:/Users/Aleksi/IdeaProjects/sudokuProj/, ...) took 2911.4768ms
[debug] Load.apply: load took 2912.9666ms
[debug] Load.apply: resolveProjects took 0.1335ms
[debug] Load.apply: finalTransforms took 19.3395ms
[debug] Load.apply: config.delegates took 0.2527ms
[debug] Load.apply: Def.make(settings)... took 44.2556ms
[debug] Load.apply: structureIndex took 20.0328ms
[debug] Load.apply: mkStreams took 0.0032ms
[info] set current project to sudokuProj (in build file:/C:/Users/Aleksi/IdeaProjects/sudokuProj/)
[debug] > Exec(sbtPopOnFailure, None, None)
[debug] > Exec(resumeFromFailure, None, None)
[debug] > Exec(notifyUsersAboutShell, None, None)
[debug] > Exec(iflast shell, None, None)
[debug] > Exec(; set ideaPort in Global := 61005 ; idea-shell, None, None)
[debug] > Exec(set ideaPort in Global := 61005, None, None)
[info] Defining Global / ideaPort
[info] The new value will be used by Compile / compile, Test / compile
[debug] Defining 
[debug] 	Global / ideaPort
[debug] 
[debug] The new value will be used by 
[debug] 	Compile / compile
[debug] 	Test / compile
[info] Reapplying settings...
[info] set current project to sudokuProj (in build file:/C:/Users/Aleksi/IdeaProjects/sudokuProj/)
[debug] > Exec(idea-shell, None, None)
